0 info it worked if it ends with ok
1 verbose cli [ 'node', '/usr/local/bin/npm', 'publish' ]
2 info using npm@2.11.2
3 info using node@v0.12.6
4 verbose publish [ '.' ]
5 silly cache add args [ '.', null ]
6 verbose cache add spec .
7 silly cache add parsed spec { raw: '.',
7 silly cache add   scope: null,
7 silly cache add   name: null,
7 silly cache add   rawSpec: '.',
7 silly cache add   spec: '/Users/ryancopley/Projects/ned',
7 silly cache add   type: 'directory' }
8 verbose addLocalDirectory /Users/ryancopley/.npm/ned/0.0.1/package.tgz not in flight; packing
9 verbose tar pack [ '/Users/ryancopley/.npm/ned/0.0.1/package.tgz',
9 verbose tar pack   '/Users/ryancopley/Projects/ned' ]
10 verbose tarball /Users/ryancopley/.npm/ned/0.0.1/package.tgz
11 verbose folder /Users/ryancopley/Projects/ned
12 info prepublish ned@0.0.1
13 verbose addLocalTarball adding from inside cache /Users/ryancopley/.npm/ned/0.0.1/package.tgz
14 silly cache afterAdd ned@0.0.1
15 verbose afterAdd /Users/ryancopley/.npm/ned/0.0.1/package/package.json not in flight; writing
16 verbose afterAdd /Users/ryancopley/.npm/ned/0.0.1/package/package.json written
17 silly publish { name: 'ned',
17 silly publish   version: '0.0.1',
17 silly publish   description: 'your api is probably down',
17 silly publish   main: 'server.js',
17 silly publish   scripts: { test: 'npm test', start: 'node server.js' },
17 silly publish   repository:
17 silly publish    { type: 'git',
17 silly publish      url: 'git+https://github.com/RyanCopley/ned.git' },
17 silly publish   keywords: [ 'api', 'test' ],
17 silly publish   author:
17 silly publish    { name: 'Ryan Copley',
17 silly publish      email: 'npm@ryancopley.com',
17 silly publish      url: 'http://github.com/RyanCopley' },
17 silly publish   license: 'MIT',
17 silly publish   bugs: { url: 'https://github.com/RyanCopley/ned/issues' },
17 silly publish   homepage: 'https://github.com/RyanCopley/ned#readme',
17 silly publish   dependencies:
17 silly publish    { bluebird: '^3.0.5',
17 silly publish      'body-parser': '~1.0.0',
17 silly publish      express: '^4.13.3',
17 silly publish      glob: '^5.0.15',
17 silly publish      lodash: '^3.10.1',
17 silly publish      mocha: '^2.3.3',
17 silly publish      morgan: '^1.6.1',
17 silly publish      'ned-http': '^1.0.0',
17 silly publish      orm: '^2.1.27',
17 silly publish      superagent: '^1.4.0',
17 silly publish      utf8: '^2.1.1' },
17 silly publish   readme: 'ERROR: No README data found!',
17 silly publish   readmeFilename: 'README.md',
17 silly publish   gitHead: 'd4d3fe002be504396da47a441b2142d31964e574',
17 silly publish   _id: 'ned@0.0.1',
17 silly publish   _shasum: '5440ad6c43d8016b2416e36d92e4b674fdc3fef1',
17 silly publish   _from: '.' }
18 verbose getPublishConfig undefined
19 silly mapToRegistry name ned
20 silly mapToRegistry using default registry
21 silly mapToRegistry registry https://registry.npmjs.org/
22 silly mapToRegistry uri https://registry.npmjs.org/ned
23 verbose publish registryBase https://registry.npmjs.org/
24 silly publish uploading /Users/ryancopley/.npm/ned/0.0.1/package.tgz
25 verbose request uri https://registry.npmjs.org/ned
26 verbose request sending authorization for write operation
27 info attempt registry request try #1 at 11:09:45 PM
28 verbose request using bearer token for auth
29 verbose request id 2173d281d607b4a0
30 http request PUT https://registry.npmjs.org/ned
31 http 403 https://registry.npmjs.org/ned
32 verbose headers { 'content-type': 'application/json',
32 verbose headers   'cache-control': 'max-age=60',
32 verbose headers   'content-length': '95',
32 verbose headers   'accept-ranges': 'bytes',
32 verbose headers   date: 'Sun, 08 Nov 2015 04:09:46 GMT',
32 verbose headers   via: '1.1 varnish',
32 verbose headers   connection: 'keep-alive',
32 verbose headers   'x-served-by': 'cache-dfw1824-DFW',
32 verbose headers   'x-cache': 'MISS',
32 verbose headers   'x-cache-hits': '0',
32 verbose headers   'x-timer': 'S1446955785.953256,VS0,VE478' }
33 verbose request invalidating /Users/ryancopley/.npm/registry.npmjs.org/ned on PUT
34 error publish Failed PUT 403
35 verbose stack Error: You do not have permission to publish 'ned'. Are you logged in as the correct user? : ned
35 verbose stack     at CachingRegistryClient.<anonymous> (/usr/local/lib/node_modules/npm/node_modules/npm-registry-client/lib/request.js:247:14)
35 verbose stack     at Request._callback (/usr/local/lib/node_modules/npm/node_modules/npm-registry-client/lib/request.js:170:14)
35 verbose stack     at Request.self.callback (/usr/local/lib/node_modules/npm/node_modules/request/request.js:354:22)
35 verbose stack     at Request.emit (events.js:110:17)
35 verbose stack     at Request.<anonymous> (/usr/local/lib/node_modules/npm/node_modules/request/request.js:1207:14)
35 verbose stack     at Request.emit (events.js:129:20)
35 verbose stack     at IncomingMessage.<anonymous> (/usr/local/lib/node_modules/npm/node_modules/request/request.js:1153:12)
35 verbose stack     at IncomingMessage.emit (events.js:129:20)
35 verbose stack     at _stream_readable.js:908:16
35 verbose stack     at process._tickCallback (node.js:355:11)
36 verbose statusCode 403
37 verbose pkgid ned
38 verbose cwd /Users/ryancopley/Projects/ned
39 error Darwin 15.0.0
40 error argv "node" "/usr/local/bin/npm" "publish"
41 error node v0.12.6
42 error npm  v2.11.2
43 error code E403
44 error You do not have permission to publish 'ned'. Are you logged in as the correct user? : ned
45 error If you need help, you may report this error at:
45 error     <https://github.com/npm/npm/issues>
46 verbose exit [ 1, true ]
